21-Feb-2020 20:43:08.073 INFO [main] org.apache.catalina.startup.VersionLoggerListener.log Server version:        Apache Tomcat/8.0.32
21-Feb-2020 20:43:08.074 INFO [main] org.apache.catalina.startup.VersionLoggerListener.log Server built:          Feb 2 2016 19:34:53 UTC
21-Feb-2020 20:43:08.075 INFO [main] org.apache.catalina.startup.VersionLoggerListener.log Server number:         8.0.32.0
21-Feb-2020 20:43:08.075 INFO [main] org.apache.catalina.startup.VersionLoggerListener.log OS Name:               Windows 10
21-Feb-2020 20:43:08.075 INFO [main] org.apache.catalina.startup.VersionLoggerListener.log OS Version:            10.0
21-Feb-2020 20:43:08.075 INFO [main] org.apache.catalina.startup.VersionLoggerListener.log Architecture:          amd64
21-Feb-2020 20:43:08.075 INFO [main] org.apache.catalina.startup.VersionLoggerListener.log Java Home:             C:\jdk1.8.0_211\jre
21-Feb-2020 20:43:08.076 INFO [main] org.apache.catalina.startup.VersionLoggerListener.log JVM Version:           1.8.0_211-b12
21-Feb-2020 20:43:08.076 INFO [main] org.apache.catalina.startup.VersionLoggerListener.log JVM Vendor:            Oracle Corporation
21-Feb-2020 20:43:08.076 INFO [main] org.apache.catalina.startup.VersionLoggerListener.log CATALINA_BASE:         D:\session_manager-master\tomcat1
21-Feb-2020 20:43:08.076 INFO [main] org.apache.catalina.startup.VersionLoggerListener.log CATALINA_HOME:         D:\session_manager-master\tomcat1
21-Feb-2020 20:43:08.077 INFO [main] org.apache.catalina.startup.VersionLoggerListener.log Command line argument: -Djava.util.logging.config.file=D:\session_manager-master\tomcat1\conf\logging.properties
21-Feb-2020 20:43:08.077 INFO [main] org.apache.catalina.startup.VersionLoggerListener.log Command line argument: -Djava.util.logging.manager=org.apache.juli.ClassLoaderLogManager
21-Feb-2020 20:43:08.077 INFO [main] org.apache.catalina.startup.VersionLoggerListener.log Command line argument: -Djava.endorsed.dirs=D:\session_manager-master\tomcat1\endorsed
21-Feb-2020 20:43:08.077 INFO [main] org.apache.catalina.startup.VersionLoggerListener.log Command line argument: -Dcatalina.base=D:\session_manager-master\tomcat1
21-Feb-2020 20:43:08.080 INFO [main] org.apache.catalina.startup.VersionLoggerListener.log Command line argument: -Dcatalina.home=D:\session_manager-master\tomcat1
21-Feb-2020 20:43:08.080 INFO [main] org.apache.catalina.startup.VersionLoggerListener.log Command line argument: -Djava.io.tmpdir=D:\session_manager-master\tomcat1\temp
21-Feb-2020 20:43:08.081 INFO [main] org.apache.catalina.core.AprLifecycleListener.lifecycleEvent Loaded APR based Apache Tomcat Native library 1.2.4 using APR version 1.5.1.
21-Feb-2020 20:43:08.082 INFO [main] org.apache.catalina.core.AprLifecycleListener.lifecycleEvent APR capabilities: IPv6 [true], sendfile [true], accept filters [false], random [true].
21-Feb-2020 20:43:08.658 INFO [main] org.apache.catalina.core.AprLifecycleListener.initializeSSL OpenSSL successfully initialized (OpenSSL 1.0.2e 3 Dec 2015)
21-Feb-2020 20:43:08.814 INFO [main] org.apache.coyote.AbstractProtocol.init Initializing ProtocolHandler ["http-apr-8083"]
21-Feb-2020 20:43:08.823 INFO [main] org.apache.coyote.AbstractProtocol.init Initializing ProtocolHandler ["ajp-apr-8009"]
21-Feb-2020 20:43:08.824 INFO [main] org.apache.catalina.startup.Catalina.load Initialization processed in 1033 ms
21-Feb-2020 20:43:08.851 INFO [main] org.apache.catalina.core.StandardService.startInternal Starting service Catalina
21-Feb-2020 20:43:08.852 INFO [main] org.apache.catalina.core.StandardEngine.startInternal Starting Servlet Engine: Apache Tomcat/8.0.32
21-Feb-2020 20:43:08.867 INFO [localhost-startStop-1] org.apache.catalina.startup.HostConfig.deployDirectory Deploying web application directory D:\session_manager-master\tomcat1\webapps\ROOT
21-Feb-2020 20:43:09.367 INFO [localhost-startStop-1] org.apache.jasper.servlet.TldScanner.scanJars At least one JAR was scanned for TLDs yet contained no TLDs. Enable debug logging for this logger for a complete list of JARs that were scanned but no TLDs were found in them. Skipping unneeded JARs during scanning can improve startup time and JSP compilation time.
21-Feb-2020 20:43:10.170 INFO [localhost-startStop-1] org.apache.catalina.util.SessionIdGeneratorBase.createSecureRandom Creation of SecureRandom instance for session ID generation using [SHA1PRNG] took [758] milliseconds.
21-Feb-2020 20:43:10.203 INFO [localhost-startStop-1] tomcat.request.session.redis.SessionManager.startInternal The sessions will expire after 1800 seconds.
21-Feb-2020 20:43:10.219 INFO [localhost-startStop-1] org.apache.catalina.startup.HostConfig.deployDirectory Deployment of web application directory D:\session_manager-master\tomcat1\webapps\ROOT has finished in 1,352 ms
21-Feb-2020 20:43:10.222 INFO [main] org.apache.coyote.AbstractProtocol.start Starting ProtocolHandler ["http-apr-8083"]
21-Feb-2020 20:43:10.233 INFO [main] org.apache.coyote.AbstractProtocol.start Starting ProtocolHandler ["ajp-apr-8009"]
21-Feb-2020 20:43:10.236 INFO [main] org.apache.catalina.startup.Catalina.start Server startup in 1411 ms
